(-0.05 -0.05 0.05)
(-0.15 -0.15 0.05)
(-0.15 -0.25 -0.15)
(-0.15 -0.15 -0.25)
(-0.15 0.05 -0.15)
(0.05 -0.15 -0.15)
(-0.15 -0.05 -0.25)
(-0.25 -0.05 -0.15)
(-0.25 -0.15 -0.05)
(0.05 -0.05 -0.15)
(0.05 -0.15 -0.05)
(-0.05 0.05 -0.15)
(-0.15 0.05 -0.05)
(-0.05 -0.25 -0.15)
(-0.15 -0.25 -0.05)
(-0.05 -0.15 0.05)
(-0.15 -0.05 0.05)
(-0.05 -0.15 -0.25)
(-0.05 -0.05 -0.25)
(-0.25 -0.15 -0.15)
(-0.25 -0.05 -0.05)
(0.05 -0.05 -0.05)
(-0.05 0.05 -0.05)
(-0.05 -0.25 -0.05)
(0.15 -0.05 -0.25)
(0.15 -0.05 0.05)
(0.05 -0.25 -0.05)
(0.05 0.05 -0.05)
(0.05 -0.15 -0.25)
(0.25 -0.05 -0.05)
(-0.05 -0.15 -0.15)
(0.25 -0.15 -0.15)
(0.05 -0.25 -0.15)
(0.05 -0.15 0.05)
(0.05 0.05 -0.15)
(-0.05 -0.15 -0.05)
(0.25 -0.15 -0.05)
(0.05 -0.05 0.05)
(0.05 -0.05 -0.25)
(-0.05 -0.05 -0.15)
(0.25 -0.05 -0.15)
(0.15 -0.25 -0.05)
(0.15 0.05 -0.15)
(0.15 -0.25 -0.15)
(0.15 -0.15 0.05)
(0.15 -0.15 -0.25)
(-0.05 -0.05 -0.05)
(0.15 0.05 -0.05)
(0.35 -0.05 -0.25)
(0.35 -0.05 0.05)
(0.25 0.05 -0.05)
(0.45 -0.15 -0.05)
(0.15 -0.15 -0.05)
(0.25 -0.15 -0.25)
(0.45 -0.15 -0.15)
(0.15 -0.15 -0.15)
(0.25 0.05 -0.15)
(0.25 -0.15 0.05)
(0.25 -0.25 -0.15)
(0.25 -0.25 -0.05)
(0.25 -0.05 0.05)
(0.25 -0.05 -0.25)
(0.15 -0.05 -0.15)
(0.15 -0.05 -0.05)
(0.45 -0.05 -0.15)
(0.35 0.05 -0.15)
(0.35 -0.25 -0.15)
(0.35 -0.15 0.05)
(0.35 -0.15 -0.25)
(0.45 -0.05 -0.05)
(0.35 -0.25 -0.05)
(0.35 0.05 -0.05)
(0.55 -0.05 -0.25)
(0.55 -0.05 0.05)
(0.45 0.05 -0.05)
(0.45 -0.15 -0.25)
(0.35 -0.15 -0.05)
(0.65 -0.15 -0.05)
(0.45 -0.15 0.05)
(0.65 -0.15 -0.15)
(0.35 -0.15 -0.15)
(0.45 0.05 -0.15)
(0.45 -0.25 -0.15)
(0.45 -0.25 -0.05)
(0.45 -0.05 0.05)
(0.45 -0.05 -0.25)
(0.35 -0.05 -0.15)
(0.65 -0.05 -0.15)
(0.55 0.05 -0.15)
(0.55 -0.25 -0.15)
(0.55 -0.15 0.05)
(0.55 -0.15 -0.25)
(0.35 -0.05 -0.05)
(0.65 -0.05 -0.05)
(0.55 0.05 -0.05)
(0.55 -0.25 -0.05)
(0.75 -0.05 -0.25)
(0.75 -0.05 0.05)
(0.65 0.05 -0.05)
(0.85 -0.15 -0.05)
(0.55 -0.15 -0.05)
(0.65 -0.15 0.05)
(0.55 -0.15 -0.15)
(0.85 -0.15 -0.15)
(0.65 -0.15 -0.25)
(0.65 0.05 -0.15)
(0.65 -0.25 -0.15)
(0.65 -0.25 -0.05)
(0.65 -0.05 0.05)
(0.65 -0.05 -0.25)
(0.55 -0.05 -0.15)
(0.85 -0.05 -0.15)
(0.75 0.05 -0.15)
(0.75 -0.25 -0.15)
(0.75 -0.15 0.05)
(0.75 -0.15 -0.25)
(0.55 -0.05 -0.05)
(0.85 -0.05 -0.05)
(0.75 -0.25 -0.05)
(0.75 0.05 -0.05)
(0.95 -0.05 -0.25)
(0.95 -0.05 0.05)
(0.85 0.05 -0.05)
(1.05 -0.15 -0.05)
(1.05 -0.15 -0.15)
(0.75 -0.15 -0.05)
(0.85 -0.15 0.05)
(0.75 -0.15 -0.15)
(0.85 -0.15 -0.25)
(0.85 -0.25 -0.15)
(0.85 0.05 -0.15)
(0.85 -0.25 -0.05)
(0.85 -0.05 0.05)
(0.85 -0.05 -0.25)
(0.75 -0.05 -0.15)
(1.05 -0.05 -0.15)
(0.95 0.05 -0.15)
(0.95 -0.25 -0.15)
(0.95 -0.15 0.05)
(0.95 -0.15 -0.25)
(0.75 -0.05 -0.05)
(1.05 -0.05 -0.05)
(0.95 0.05 -0.05)
(0.95 -0.25 -0.05)
(1.15 -0.05 -0.25)
(1.15 -0.05 0.05)
(1.05 0.05 -0.05)
(1.25 -0.15 -0.05)
(0.95 -0.15 -0.05)
(0.95 -0.15 -0.15)
(1.25 -0.15 -0.15)
(1.05 -0.15 0.05)
(1.05 -0.25 -0.15)
(1.05 -0.15 -0.25)
(1.05 0.05 -0.15)
(1.05 -0.25 -0.05)
(1.05 -0.05 0.05)
(1.05 -0.05 -0.25)
(0.95 -0.05 -0.15)
(1.25 -0.05 -0.15)
(1.15 0.05 -0.15)
(1.15 -0.25 -0.15)
(1.25 -0.05 -0.05)
(1.15 -0.15 0.05)
(1.15 -0.15 -0.25)
(0.95 -0.05 -0.05)
(1.15 0.05 -0.05)
(1.15 -0.25 -0.05)
(-0.05 0.15 -0.25)
(-0.05 0.15 0.05)
(-0.15 0.25 -0.05)
(0.05 0.05 -0.05)
(-0.25 0.05 -0.05)
(-0.15 0.05 0.05)
(-0.15 0.25 -0.15)
(-0.15 0.05 -0.25)
(-0.25 0.05 -0.15)
(0.05 0.05 -0.15)
(-0.15 -0.05 -0.15)
(-0.15 -0.05 -0.05)
(-0.15 0.15 0.05)
(-0.15 0.15 -0.25)
(-0.25 0.15 -0.15)
(0.05 0.15 -0.15)
(-0.05 0.25 -0.15)
(-0.05 -0.05 -0.15)
(-0.05 0.05 0.05)
(0.05 0.15 -0.05)
(-0.05 0.05 -0.25)
(-0.25 0.15 -0.05)
(-0.05 0.25 -0.05)
(-0.05 -0.05 -0.05)
(-0.05 0.35 -0.25)
(-0.05 0.35 0.05)
(-0.15 0.45 -0.05)
(0.05 0.25 -0.05)
(-0.25 0.25 -0.05)
(-0.15 0.25 0.05)
(-0.15 0.15 -0.15)
(-0.15 0.25 -0.25)
(-0.15 0.45 -0.15)
(-0.25 0.25 -0.15)
(0.05 0.25 -0.15)
(-0.15 0.15 -0.05)
(-0.15 0.35 0.05)
(-0.15 0.35 -0.25)
(-0.25 0.35 -0.15)
(0.05 0.35 -0.15)
(-0.05 0.45 -0.15)
(-0.05 0.15 -0.15)
(-0.05 0.25 0.05)
(-0.05 0.25 -0.25)
(-0.25 0.35 -0.05)
(-0.05 0.45 -0.05)
(0.05 0.35 -0.05)
(-0.05 0.15 -0.05)
(-0.05 0.55 -0.25)
(-0.05 0.55 0.05)
(-0.15 0.65 -0.05)
(0.05 0.45 -0.05)
(-0.25 0.45 -0.05)
(-0.15 0.35 -0.15)
(-0.15 0.45 0.05)
(-0.15 0.45 -0.25)
(-0.25 0.45 -0.15)
(0.05 0.45 -0.15)
(-0.15 0.65 -0.15)
(-0.15 0.35 -0.05)
(-0.15 0.55 0.05)
(-0.15 0.55 -0.25)
(-0.25 0.55 -0.15)
(0.05 0.55 -0.15)
(-0.05 0.65 -0.15)
(-0.05 0.35 -0.15)
(-0.05 0.45 0.05)
(-0.05 0.45 -0.25)
(-0.25 0.55 -0.05)
(0.05 0.55 -0.05)
(-0.05 0.65 -0.05)
(-0.05 0.35 -0.05)
(-0.05 0.75 -0.25)
(-0.05 0.75 0.05)
(-0.25 0.65 -0.05)
(-0.15 0.65 0.05)
(-0.25 0.65 -0.15)
(0.05 0.65 -0.15)
(-0.15 0.85 -0.05)
(0.05 0.65 -0.05)
(-0.15 0.55 -0.15)
(-0.15 0.65 -0.25)
(-0.15 0.85 -0.15)
(-0.15 0.55 -0.05)
(-0.15 0.75 0.05)
(-0.15 0.75 -0.25)
(-0.25 0.75 -0.15)
(0.05 0.75 -0.15)
(-0.05 0.85 -0.15)
(-0.05 0.55 -0.15)
(-0.05 0.65 0.05)
(-0.25 0.75 -0.05)
(-0.05 0.65 -0.25)
(0.05 0.75 -0.05)
(-0.05 0.85 -0.05)
(-0.05 0.55 -0.05)
(-0.05 0.95 -0.25)
(-0.05 0.95 0.05)
(-0.15 1.05 -0.05)
(-0.15 0.85 -0.25)
(0.05 0.85 -0.05)
(-0.25 0.85 -0.05)
(-0.15 0.85 0.05)
(-0.25 0.85 -0.15)
(0.05 0.85 -0.15)
(-0.15 0.75 -0.15)
(-0.15 1.05 -0.15)
(-0.15 0.75 -0.05)
(-0.15 0.95 0.05)
(-0.15 0.95 -0.25)
(-0.25 0.95 -0.15)
(-0.05 0.75 -0.15)
(0.05 0.95 -0.15)
(-0.05 1.05 -0.15)
(-0.05 0.85 0.05)
(-0.05 0.85 -0.25)
(-0.25 0.95 -0.05)
(0.05 0.95 -0.05)
(-0.05 1.05 -0.05)
(-0.05 0.75 -0.05)
(0.15 0.15 -0.25)
(0.15 0.15 0.05)
(0.05 0.25 -0.05)
(0.25 0.05 -0.05)
(-0.05 0.05 -0.05)
(0.05 0.05 -0.25)
(0.05 0.25 -0.15)
(0.05 0.05 0.05)
(0.05 -0.05 -0.15)
(-0.05 0.05 -0.15)
(0.25 0.05 -0.15)
(0.05 -0.05 -0.05)
(0.05 0.15 0.05)
(0.05 0.15 -0.25)
(-0.05 0.15 -0.15)
(0.25 0.15 -0.15)
(0.15 0.25 -0.15)
(0.15 -0.05 -0.15)
(0.15 0.05 0.05)
(0.15 0.05 -0.25)
(-0.05 0.15 -0.05)
(0.25 0.15 -0.05)
(0.15 -0.05 -0.05)
(0.15 0.25 -0.05)
(0.35 0.15 -0.25)
(0.35 0.15 0.05)
(0.25 0.25 -0.05)
(0.45 0.05 -0.05)
(0.15 0.05 -0.05)
(0.45 0.05 -0.15)
(0.25 0.05 0.05)
(0.15 0.05 -0.15)
(0.25 -0.05 -0.15)
(0.25 0.05 -0.25)
(0.25 0.25 -0.15)
(0.25 -0.05 -0.05)
(0.25 0.15 0.05)
(0.25 0.15 -0.25)
(0.15 0.15 -0.15)
(0.45 0.15 -0.15)
(0.35 0.25 -0.15)
(0.35 -0.05 -0.15)
(0.35 0.05 0.05)
(0.35 0.05 -0.25)
(0.15 0.15 -0.05)
(0.45 0.15 -0.05)
(0.35 0.25 -0.05)
(0.35 -0.05 -0.05)
(0.15 0.35 -0.25)
(0.15 0.35 0.05)
(0.05 0.45 -0.05)
(0.25 0.25 -0.05)
(-0.05 0.25 -0.05)
(0.05 0.25 0.05)
(-0.05 0.25 -0.15)
(0.05 0.25 -0.25)
(0.25 0.25 -0.15)
(0.05 0.15 -0.15)
(0.05 0.45 -0.15)
(0.05 0.15 -0.05)
(0.05 0.35 0.05)
(0.05 0.35 -0.25)
(-0.05 0.35 -0.15)
(-0.05 0.35 -0.05)
(0.25 0.35 -0.15)
(0.15 0.45 -0.15)
(0.15 0.15 -0.15)
(0.15 0.25 0.05)
(0.15 0.25 -0.25)
(0.25 0.35 -0.05)
(0.15 0.45 -0.05)
(0.15 0.15 -0.05)
(0.35 0.35 -0.25)
(0.35 0.35 0.05)
(0.25 0.45 -0.05)
(0.25 0.25 -0.25)
(0.15 0.25 -0.05)
(0.45 0.25 -0.05)
(0.25 0.25 0.05)
(0.45 0.25 -0.15)
(0.15 0.25 -0.15)
(0.25 0.45 -0.15)
(0.25 0.15 -0.15)
(0.25 0.15 -0.05)
(0.25 0.35 0.05)
(0.25 0.35 -0.25)
(0.15 0.35 -0.15)
(0.45 0.35 -0.15)
(0.35 0.45 -0.15)
(0.35 0.25 -0.25)
(0.35 0.15 -0.15)
(0.35 0.25 0.05)
(0.15 0.35 -0.05)
(0.45 0.35 -0.05)
(0.35 0.45 -0.05)
(0.35 0.15 -0.05)
(0.55 0.15 -0.25)
(0.55 0.15 0.05)
(0.45 0.25 -0.05)
(0.65 0.05 -0.05)
(0.35 0.05 -0.05)
(0.35 0.05 -0.15)
(0.65 0.05 -0.15)
(0.45 0.05 0.05)
(0.45 -0.05 -0.15)
(0.45 0.05 -0.25)
(0.45 0.25 -0.15)
(0.45 -0.05 -0.05)
(0.45 0.15 0.05)
(0.45 0.15 -0.25)
(0.35 0.15 -0.15)
(0.65 0.15 -0.15)
(0.55 0.25 -0.15)
(0.55 -0.05 -0.15)
(0.55 0.05 0.05)
(0.55 0.05 -0.25)
(0.35 0.15 -0.05)
(0.65 0.15 -0.05)
(0.55 -0.05 -0.05)
(0.55 0.25 -0.05)
(0.75 0.15 -0.25)
(0.75 0.15 0.05)
(0.65 0.25 -0.05)
(0.85 0.05 -0.05)
(0.85 0.05 -0.15)
(0.55 0.05 -0.05)
(0.65 0.05 0.05)
(0.55 0.05 -0.15)
(0.65 0.05 -0.25)
(0.65 -0.05 -0.15)
(0.65 0.25 -0.15)
(0.65 -0.05 -0.05)
(0.65 0.15 0.05)
(0.65 0.15 -0.25)
(0.55 0.15 -0.15)
(0.85 0.15 -0.15)
(0.75 0.25 -0.15)
(0.75 -0.05 -0.15)
(0.75 0.05 0.05)
(0.85 0.15 -0.05)
(0.75 0.05 -0.25)
(0.55 0.15 -0.05)
(0.75 0.25 -0.05)
(0.75 -0.05 -0.05)
(0.55 0.35 -0.25)
(0.55 0.35 0.05)
(0.35 0.25 -0.05)
(0.45 0.25 0.05)
(0.45 0.15 -0.15)
(0.35 0.25 -0.15)
(0.65 0.25 -0.15)
(0.45 0.25 -0.25)
(0.45 0.45 -0.15)
(0.45 0.45 -0.05)
(0.65 0.25 -0.05)
(0.45 0.15 -0.05)
(0.45 0.35 0.05)
(0.45 0.35 -0.25)
(0.35 0.35 -0.15)
(0.65 0.35 -0.15)
(0.55 0.45 -0.15)
(0.55 0.15 -0.15)
(0.65 0.35 -0.05)
(0.55 0.25 0.05)
(0.55 0.25 -0.25)
(0.35 0.35 -0.05)
(0.55 0.45 -0.05)
(0.55 0.15 -0.05)
(0.75 0.35 -0.25)
(0.75 0.35 0.05)
(0.65 0.45 -0.05)
(0.85 0.25 -0.05)
(0.55 0.25 -0.05)
(0.65 0.25 0.05)
(0.65 0.45 -0.15)
(0.65 0.25 -0.25)
(0.55 0.25 -0.15)
(0.85 0.25 -0.15)
(0.65 0.15 -0.15)
(0.65 0.15 -0.05)
(0.65 0.35 0.05)
(0.65 0.35 -0.25)
(0.55 0.35 -0.15)
(0.85 0.35 -0.15)
(0.75 0.45 -0.15)
(0.75 0.15 -0.15)
(0.75 0.25 0.05)
(0.75 0.25 -0.25)
(0.55 0.35 -0.05)
(0.85 0.35 -0.05)
(0.75 0.45 -0.05)
(0.75 0.15 -0.05)
(0.15 0.55 -0.25)
(0.15 0.55 0.05)
(0.05 0.65 -0.05)
(0.25 0.45 -0.05)
(0.05 0.45 -0.25)
(-0.05 0.45 -0.05)
(0.05 0.45 0.05)
(0.25 0.45 -0.15)
(-0.05 0.45 -0.15)
(0.05 0.35 -0.15)
(0.05 0.65 -0.15)
(0.05 0.35 -0.05)
(0.05 0.55 0.05)
(0.05 0.55 -0.25)
(-0.05 0.55 -0.15)
(0.25 0.55 -0.15)
(0.15 0.65 -0.15)
(0.15 0.35 -0.15)
(0.15 0.45 0.05)
(0.15 0.45 -0.25)
(-0.05 0.55 -0.05)
(0.15 0.65 -0.05)
(0.25 0.55 -0.05)
(0.15 0.35 -0.05)
(0.35 0.55 -0.25)
(0.35 0.55 0.05)
(0.25 0.65 -0.05)
(0.45 0.45 -0.05)
(0.15 0.45 -0.05)
(0.25 0.35 -0.15)
(0.25 0.45 0.05)
(0.25 0.45 -0.25)
(0.15 0.45 -0.15)
(0.45 0.45 -0.15)
(0.25 0.65 -0.15)
(0.25 0.35 -0.05)
(0.25 0.55 0.05)
(0.25 0.55 -0.25)
(0.15 0.55 -0.15)
(0.45 0.55 -0.15)
(0.35 0.65 -0.15)
(0.35 0.35 -0.15)
(0.35 0.45 0.05)
(0.45 0.55 -0.05)
(0.35 0.45 -0.25)
(0.15 0.55 -0.05)
(0.35 0.65 -0.05)
(0.35 0.35 -0.05)
(0.15 0.75 -0.25)
(0.15 0.75 0.05)
(0.05 0.85 -0.05)
(0.25 0.65 -0.05)
(-0.05 0.65 -0.05)
(0.05 0.65 0.05)
(0.05 0.55 -0.15)
(-0.05 0.65 -0.15)
(0.25 0.65 -0.15)
(0.05 0.65 -0.25)
(0.05 0.85 -0.15)
(0.05 0.55 -0.05)
(0.05 0.75 0.05)
(0.05 0.75 -0.25)
(-0.05 0.75 -0.15)
(0.25 0.75 -0.15)
(0.15 0.85 -0.15)
(0.15 0.55 -0.15)
(0.15 0.65 0.05)
(-0.05 0.75 -0.05)
(0.15 0.65 -0.25)
(0.25 0.75 -0.05)
(0.15 0.85 -0.05)
(0.15 0.55 -0.05)
(0.35 0.75 -0.25)
(0.35 0.75 0.05)
(0.25 0.85 -0.05)
(0.25 0.65 -0.25)
(0.45 0.65 -0.05)
(0.15 0.65 -0.05)
(0.25 0.65 0.05)
(0.15 0.65 -0.15)
(0.45 0.65 -0.15)
(0.25 0.55 -0.15)
(0.25 0.85 -0.15)
(0.25 0.55 -0.05)
(0.25 0.75 0.05)
(0.25 0.75 -0.25)
(0.15 0.75 -0.15)
(0.45 0.75 -0.15)
(0.35 0.85 -0.15)
(0.35 0.55 -0.15)
(0.35 0.65 0.05)
(0.35 0.65 -0.25)
(0.15 0.75 -0.05)
(0.45 0.75 -0.05)
(0.35 0.85 -0.05)
(0.35 0.55 -0.05)
(0.55 0.55 -0.25)
(0.55 0.55 0.05)
(0.45 0.65 -0.05)
(0.65 0.45 -0.05)
(0.35 0.45 -0.15)
(0.65 0.45 -0.15)
(0.35 0.45 -0.05)
(0.45 0.45 0.05)
(0.45 0.35 -0.15)
(0.45 0.45 -0.25)
(0.45 0.65 -0.15)
(0.45 0.35 -0.05)
(0.45 0.55 0.05)
(0.45 0.55 -0.25)
(0.35 0.55 -0.15)
(0.65 0.55 -0.15)
(0.55 0.65 -0.15)
(0.55 0.35 -0.15)
(0.55 0.45 0.05)
(0.55 0.45 -0.25)
(0.35 0.55 -0.05)
(0.65 0.55 -0.05)
(0.55 0.35 -0.05)
(0.55 0.65 -0.05)
(0.75 0.55 -0.25)
(0.75 0.55 0.05)
(0.65 0.65 -0.05)
(0.85 0.45 -0.05)
(0.55 0.45 -0.05)
(0.85 0.45 -0.15)
(0.65 0.45 0.05)
(0.55 0.45 -0.15)
(0.65 0.35 -0.15)
(0.65 0.45 -0.25)
(0.65 0.65 -0.15)
(0.65 0.35 -0.05)
(0.65 0.55 0.05)
(0.65 0.55 -0.25)
(0.55 0.55 -0.15)
(0.75 0.35 -0.15)
(0.85 0.55 -0.15)
(0.75 0.65 -0.15)
(0.75 0.45 0.05)
(0.75 0.45 -0.25)
(0.55 0.55 -0.05)
(0.85 0.55 -0.05)
(0.75 0.65 -0.05)
(0.75 0.35 -0.05)
(0.55 0.75 -0.25)
(0.55 0.75 0.05)
(0.45 0.85 -0.05)
(0.65 0.65 -0.05)
(0.35 0.65 -0.05)
(0.35 0.65 -0.15)
(0.65 0.65 -0.15)
(0.45 0.65 -0.25)
(0.45 0.85 -0.15)
(0.45 0.65 0.05)
(0.45 0.55 -0.15)
(0.45 0.55 -0.05)
(0.45 0.75 0.05)
(0.45 0.75 -0.25)
(0.35 0.75 -0.15)
(0.35 0.75 -0.05)
(0.65 0.75 -0.15)
(0.55 0.85 -0.15)
(0.55 0.55 -0.15)
(0.55 0.65 0.05)
(0.55 0.65 -0.25)
(0.65 0.75 -0.05)
(0.55 0.85 -0.05)
(0.55 0.55 -0.05)
(0.95 0.15 -0.25)
(0.95 0.15 0.05)
(0.85 0.25 -0.05)
(0.85 0.05 -0.25)
(0.75 0.05 -0.05)
(1.05 0.05 -0.05)
(0.85 0.05 0.05)
(1.05 0.05 -0.15)
(0.75 0.05 -0.15)
(0.85 0.25 -0.15)
(0.85 -0.05 -0.15)
(0.85 -0.05 -0.05)
(0.85 0.15 0.05)
(0.85 0.15 -0.25)
(0.75 0.15 -0.15)
(1.05 0.15 -0.15)
(0.95 0.25 -0.15)
(0.95 -0.05 -0.15)
(0.95 0.05 0.05)
(0.95 0.05 -0.25)
(0.75 0.15 -0.05)
(1.05 0.15 -0.05)
(0.95 0.25 -0.05)
(0.95 -0.05 -0.05)
(1.15 0.15 -0.25)
(1.15 0.15 0.05)
(0.95 0.05 -0.05)
(1.05 0.05 0.05)
(1.05 0.25 -0.05)
(1.25 0.05 -0.05)
(0.95 0.05 -0.15)
(1.05 0.05 -0.25)
(1.25 0.05 -0.15)
(1.05 -0.05 -0.15)
(1.05 0.25 -0.15)
(1.05 -0.05 -0.05)
(1.05 0.15 0.05)
(1.05 0.15 -0.25)
(0.95 0.15 -0.15)
(1.25 0.15 -0.15)
(1.15 0.25 -0.15)
(1.15 -0.05 -0.15)
(1.15 0.05 0.05)
(1.15 0.05 -0.25)
(0.95 0.15 -0.05)
(1.25 0.15 -0.05)
(1.15 -0.05 -0.05)
(1.15 0.25 -0.05)
(0.95 0.35 -0.25)
(0.95 0.35 0.05)
(0.85 0.45 -0.05)
(1.05 0.25 -0.05)
(1.05 0.25 -0.15)
(0.75 0.25 -0.05)
(0.85 0.25 0.05)
(0.75 0.25 -0.15)
(0.85 0.25 -0.25)
(0.85 0.15 -0.15)
(0.85 0.45 -0.15)
(0.85 0.15 -0.05)
(0.85 0.35 0.05)
(0.85 0.35 -0.25)
(0.75 0.35 -0.15)
(1.05 0.35 -0.15)
(0.95 0.45 -0.15)
(0.95 0.25 -0.25)
(0.95 0.15 -0.15)
(0.95 0.25 0.05)
(0.75 0.35 -0.05)
(1.05 0.35 -0.05)
(0.95 0.45 -0.05)
(0.95 0.15 -0.05)
(1.15 0.35 -0.25)
(1.15 0.35 0.05)
(1.05 0.45 -0.05)
(1.25 0.25 -0.05)
(0.95 0.25 -0.05)
(1.05 0.25 -0.25)
(1.05 0.45 -0.15)
(1.05 0.25 0.05)
(1.05 0.15 -0.15)
(0.95 0.25 -0.15)
(1.25 0.25 -0.15)
(1.05 0.15 -0.05)
(1.05 0.35 0.05)
(1.05 0.35 -0.25)
(0.95 0.35 -0.15)
(1.25 0.35 -0.15)
(1.15 0.45 -0.15)
(1.15 0.15 -0.15)
(1.25 0.35 -0.05)
(1.15 0.25 0.05)
(1.15 0.25 -0.25)
(0.95 0.35 -0.05)
(1.15 0.45 -0.05)
(1.15 0.15 -0.05)
(1.55 0.35 -0.25)
(1.55 0.35 0.05)
(1.45 0.45 -0.05)
(1.65 0.25 -0.05)
(1.35 0.25 -0.05)
(1.45 0.25 0.05)
(1.45 0.45 -0.15)
(1.45 0.25 -0.25)
(1.35 0.25 -0.15)
(1.65 0.25 -0.15)
(1.45 0.15 -0.15)
(1.45 0.15 -0.05)
(1.45 0.35 0.05)
(1.45 0.35 -0.25)
(1.35 0.35 -0.15)
(1.65 0.35 -0.15)
(1.55 0.45 -0.15)
(1.55 0.15 -0.15)
(1.55 0.25 0.05)
(1.65 0.35 -0.05)
(1.55 0.25 -0.25)
(1.35 0.35 -0.05)
(1.55 0.45 -0.05)
(1.55 0.15 -0.05)
(0.95 0.55 -0.25)
(0.95 0.55 0.05)
(0.85 0.65 -0.05)
(1.05 0.45 -0.05)
(0.75 0.45 -0.05)
(0.85 0.45 0.05)
(0.85 0.35 -0.15)
(0.75 0.45 -0.15)
(1.05 0.45 -0.15)
(0.85 0.45 -0.25)
(0.85 0.65 -0.15)
(0.85 0.35 -0.05)
(0.85 0.55 0.05)
(0.85 0.55 -0.25)
(0.75 0.55 -0.15)
(1.05 0.55 -0.15)
(0.95 0.65 -0.15)
(0.95 0.35 -0.15)
(0.95 0.45 0.05)
(0.95 0.45 -0.25)
(0.75 0.55 -0.05)
(0.95 0.65 -0.05)
(1.05 0.55 -0.05)
(0.95 0.35 -0.05)
(1.15 0.55 -0.25)
(1.15 0.55 0.05)
(1.05 0.65 -0.05)
(1.25 0.45 -0.05)
(0.95 0.45 -0.05)
(1.05 0.35 -0.15)
(1.05 0.45 0.05)
(1.05 0.45 -0.25)
(0.95 0.45 -0.15)
(1.25 0.45 -0.15)
(1.05 0.65 -0.15)
(1.05 0.35 -0.05)
(1.05 0.55 0.05)
(1.05 0.55 -0.25)
(0.95 0.55 -0.15)
(1.25 0.55 -0.15)
(1.15 0.65 -0.15)
(1.15 0.35 -0.15)
(1.15 0.45 0.05)
(1.15 0.45 -0.25)
(0.95 0.55 -0.05)
(1.25 0.55 -0.05)
(1.15 0.65 -0.05)
(1.15 0.35 -0.05)
(0.95 0.75 -0.25)
(0.95 0.75 0.05)
(0.75 0.65 -0.05)
(0.85 0.65 0.05)
(0.75 0.65 -0.15)
(1.05 0.65 -0.15)
(0.85 0.85 -0.05)
(1.05 0.65 -0.05)
(0.85 0.55 -0.15)
(0.85 0.65 -0.25)
(0.85 0.85 -0.15)
(0.85 0.55 -0.05)
(0.85 0.75 0.05)
(0.85 0.75 -0.25)
(0.75 0.75 -0.15)
(1.05 0.75 -0.15)
(0.95 0.85 -0.15)
(0.95 0.55 -0.15)
(0.95 0.65 0.05)
(0.75 0.75 -0.05)
(0.95 0.65 -0.25)
(1.05 0.75 -0.05)
(0.95 0.85 -0.05)
(0.95 0.55 -0.05)
(1.15 0.75 -0.25)
(1.15 0.75 0.05)
(1.05 0.85 -0.05)
(1.05 0.65 -0.25)
(1.25 0.65 -0.05)
(0.95 0.65 -0.05)
(1.05 0.65 0.05)
(0.95 0.65 -0.15)
(1.25 0.65 -0.15)
(1.05 0.55 -0.15)
(1.05 0.85 -0.15)
(1.05 0.55 -0.05)
(1.05 0.75 0.05)
(1.05 0.75 -0.25)
(0.95 0.75 -0.15)
(1.15 0.55 -0.15)
(1.25 0.75 -0.15)
(1.15 0.85 -0.15)
(1.15 0.65 0.05)
(1.15 0.65 -0.25)
(0.95 0.75 -0.05)
(1.25 0.75 -0.05)
(1.15 0.85 -0.05)
(1.15 0.55 -0.05)
(1.55 0.55 -0.25)
(1.55 0.55 0.05)
(1.45 0.65 -0.05)
(1.65 0.45 -0.05)
(1.35 0.45 -0.05)
(1.45 0.45 -0.25)
(1.45 0.65 -0.15)
(1.45 0.45 0.05)
(1.45 0.35 -0.15)
(1.35 0.45 -0.15)
(1.65 0.45 -0.15)
(1.45 0.35 -0.05)
(1.45 0.55 0.05)
(1.45 0.55 -0.25)
(1.35 0.55 -0.15)
(1.65 0.55 -0.15)
(1.55 0.65 -0.15)
(1.55 0.35 -0.15)
(1.55 0.45 0.05)
(1.55 0.45 -0.25)
(1.35 0.55 -0.05)
(1.65 0.55 -0.05)
(1.55 0.35 -0.05)
(1.55 0.65 -0.05)
(1.55 0.75 -0.25)
(1.55 0.75 0.05)
(1.45 0.85 -0.05)
(1.65 0.65 -0.05)
(1.35 0.65 -0.05)
(1.65 0.65 -0.15)
(1.45 0.65 0.05)
(1.35 0.65 -0.15)
(1.45 0.55 -0.15)
(1.45 0.65 -0.25)
(1.45 0.85 -0.15)
(1.45 0.55 -0.05)
(1.45 0.75 0.05)
(1.45 0.75