
// = Red Uas paper =
// ARRANGE
// (install dependencies)
sudo apt-get install ros-indigo-image-transport-plugins ros-indigo-multimaster-fkie 

// (filter bags of planner output topics)
cd ~/ws_mavlink_grvcHal/src/pcl_maker

rosbag filter euroc_showcase_2017-03-28-15-05-31_run_2.bag run_2_filtered.bag "topic == '/clock' or topic == '/euroc5/amcl3d_node/particle_cloud' or topic == '/euroc5/amcl3d_node/range' or topic == '/euroc5/amcl3d_node/transform' or topic == '/euroc5/back/depth_registered/camera_info' or topic == '/euroc5/back/depth_registered/image_raw/compressedDepth' or topic == '/euroc5/back/rgb/camera_info' or topic == '/euroc5/back/rgb/image_raw/compressed' or topic == '/euroc5/front/rgb/image_raw/compressed' or topic == '/euroc5/command/current_reference' or topic == '/euroc5/command/roll_pitch_yawrate_thrust' or topic == '/euroc5/command/trajectory' or topic == '/euroc5/front/depth_registered/camera_info' or topic == '/euroc5/front/depth_registered/image_raw/compressedDepth' or topic == '/euroc5/front/rgb/camera_info' or topic == '/euroc5/ground_estimator_node/ground_height' or topic == '/euroc5/human_detector_node/pose' or topic == '/euroc5/imu' or topic == '/euroc5/mav_detector_node/pose' or topic == '/euroc5/motor_speed' or topic == '/euroc5/msf_core/odometry' or topic == '/euroc5/rc' or topic == '/euroc5/rgbd_odom/transform' or topic == '/euroc5/safety_pilot_status' or topic == '/euroc5/state_machine/state_info' or topic == '/euroc5/status' or topic == '/euroc5/trajectory_tracker/input_trajectory' or topic == '/euroc5/trajectory_tracker/status' or topic == '/euroc5/two_pc_maker_node/point_cloud' or topic == '/idolink_node/range' or topic == '/rosout' or topic == '/tf' or topic == '/euroc5/global_planner/goal_position'"

rm ~/ws_mavlink_grvcHal/count_file.csv

// ACT (measure time and iteration count to csv, change for each bag!)
roscore

//<run planning nodes + image decompression nodes + octomap builder + ros bag (beware of starting time!)>
// ==  with args ==
mfaria@mfaria-pc:~/ws_mavlink_grvcHal/src/pcl_maker$ roslaunch euroc_motion_planning_launch showcase2_neo_wBag.launch bag_file:=/home/mfaria/ws_mavlink_grvcHal/src/pcl_maker/run_2_filtered.bag

mfaria@mfaria-pc:~/ws_mavlink_grvcHal/src/pcl_maker$ roslaunch euroc_motion_planning_launch showcase2_neo_wBag.launch bag_file:=/home/mfaria/ws_mavlink_grvcHal/src/pcl_maker/euroc_showcase_2017-03-28-15-05-31_run_2.bag 

//<save octomap>
rosrun octomap_server octomap_saver euroc_demo_run_1.bt

// ASSERT
mfaria@mfaria-pc:~/ws_mavlink_grvcHal$ rosrun rviz rviz -d 201706_redUas_data_v2.rviz 

// octovis src/pcl_maker/euroc_demo_run_1.bt 

// mfaria@mfaria-pc:~/ws_mavlink_grvcHal$ rosbag info src/pcl_maker/run_1_filtered.bag --> check ...local(...)/input_trajectory is not present


